mode: set
github.com/parithiban/stringcases/stringcases.go:11.38,13.2 1 1
github.com/parithiban/stringcases/stringcases.go:17.38,19.2 1 1
github.com/parithiban/stringcases/stringcases.go:23.81,27.30 3 1
github.com/parithiban/stringcases/stringcases.go:37.2,37.72 1 1
github.com/parithiban/stringcases/stringcases.go:27.30,28.33 1 1
github.com/parithiban/stringcases/stringcases.go:28.33,30.4 1 1
github.com/parithiban/stringcases/stringcases.go:30.9,30.59 1 1
github.com/parithiban/stringcases/stringcases.go:30.59,32.4 1 1
github.com/parithiban/stringcases/stringcases.go:32.9,34.4 1 1
github.com/parithiban/stringcases/stringcases.go:42.39,47.32 4 1
github.com/parithiban/stringcases/stringcases.go:51.2,51.24 1 1
github.com/parithiban/stringcases/stringcases.go:47.32,49.3 1 1
github.com/parithiban/stringcases/stringcases.go:56.38,58.2 1 1
github.com/parithiban/stringcases/stringcases.go:62.40,66.2 3 1
